<?xml version="1.0" encoding="UTF-8"?>
<testng-results ignored="0" total="7" passed="6" failed="1" skipped="0">
  <reporter-output>
  </reporter-output>
  <suite started-at="2023-01-24T12:30:35 IST" name="Default suite" finished-at="2023-01-24T12:33:27 IST" duration-ms="172635">
    <groups>
    </groups>
    <test started-at="2023-01-24T12:30:35 IST" name="Default test" finished-at="2023-01-24T12:33:27 IST" duration-ms="172635">
      <class name="com.mavenproject.Amazon1.AmazonTestNG">
        <test-method is-config="true" signature="browserLaunch()[pri:0, instance:com.mavenproject.Amazon1.AmazonTestNG@3f6b0be5]" started-at="2023-01-24T12:30:35 IST" name="browserLaunch" finished-at="2023-01-24T12:30:53 IST" duration-ms="18570" status="PASS">
          <reporter-output>
          </reporter-output>
        </test-method> <!-- browserLaunch -->
        <test-method signature="dropSelect()[pri:0, instance:com.mavenproject.Amazon1.AmazonTestNG@3f6b0be5]" started-at="2023-01-24T12:30:53 IST" name="dropSelect" finished-at="2023-01-24T12:31:08 IST" duration-ms="14293" status="PASS">
          <reporter-output>
          </reporter-output>
        </test-method> <!-- dropSelect -->
        <test-method signature="searchBox()[pri:1, instance:com.mavenproject.Amazon1.AmazonTestNG@3f6b0be5]" started-at="2023-01-24T12:31:08 IST" name="searchBox" finished-at="2023-01-24T12:31:21 IST" duration-ms="13450" status="PASS">
          <reporter-output>
          </reporter-output>
        </test-method> <!-- searchBox -->
        <test-method signature="firstProductSelect()[pri:2, instance:com.mavenproject.Amazon1.AmazonTestNG@3f6b0be5]" started-at="2023-01-24T12:31:21 IST" name="firstProductSelect" finished-at="2023-01-24T12:31:25 IST" duration-ms="3534" status="PASS">
          <reporter-output>
          </reporter-output>
        </test-method> <!-- firstProductSelect -->
        <test-method signature="switchToWindow_FirstProduct()[pri:3, instance:com.mavenproject.Amazon1.AmazonTestNG@3f6b0be5]" started-at="2023-01-24T12:31:25 IST" name="switchToWindow_FirstProduct" finished-at="2023-01-24T12:31:37 IST" duration-ms="12179" status="PASS">
          <reporter-output>
          </reporter-output>
        </test-method> <!-- switchToWindow_FirstProduct -->
        <test-method signature="compareFirst_Product_Price()[pri:4, instance:com.mavenproject.Amazon1.AmazonTestNG@3f6b0be5]" started-at="2023-01-24T12:31:37 IST" name="compareFirst_Product_Price" finished-at="2023-01-24T12:31:37 IST" duration-ms="200" status="PASS">
          <reporter-output>
          </reporter-output>
        </test-method> <!-- compareFirst_Product_Price -->
        <test-method signature="compareFirst_Product_Title()[pri:5, instance:com.mavenproject.Amazon1.AmazonTestNG@3f6b0be5]" started-at="2023-01-24T12:31:37 IST" name="compareFirst_Product_Title" finished-at="2023-01-24T12:33:12 IST" duration-ms="94768" status="PASS">
          <reporter-output>
          </reporter-output>
        </test-method> <!-- compareFirst_Product_Title -->
        <test-method signature="addToCard()[pri:6, instance:com.mavenproject.Amazon1.AmazonTestNG@3f6b0be5]" started-at="2023-01-24T12:33:12 IST" name="addToCard" finished-at="2023-01-24T12:33:26 IST" duration-ms="14539" status="FAIL">
          <exception class="java.io.IOException">
            <message>
              <![CDATA[The filename, directory name, or volume label syntax is incorrect]]>
            </message>
            <full-stacktrace>
              <![CDATA[java.io.IOException: The filename, directory name, or volume label syntax is incorrect
at java.base/java.io.WinNTFileSystem.canonicalize0(Native Method)
at java.base/java.io.WinNTFileSystem.canonicalize(WinNTFileSystem.java:462)
at java.base/java.io.File.getCanonicalPath(File.java:626)
at org.apache.commons.io.FileUtils.requireCanonicalPathsNotEquals(FileUtils.java:2601)
at org.apache.commons.io.FileUtils.copyFile(FileUtils.java:842)
at org.apache.commons.io.FileUtils.copyFile(FileUtils.java:756)
at com.mavenproject.Amazon1.Base_Class.takeScreenshot(Base_Class.java:422)
at com.mavenproject.Amazon1.AmazonTestNG.addToCard(AmazonTestNG.java:207)
at java.base/jdk.internal.reflect.NativeMethodAccessorImpl.invoke0(Native Method)
at java.base/jdk.internal.reflect.NativeMethodAccessorImpl.invoke(NativeMethodAccessorImpl.java:77)
at java.base/jdk.internal.reflect.DelegatingMethodAccessorImpl.invoke(DelegatingMethodAccessorImpl.java:43)
at java.base/java.lang.reflect.Method.invoke(Method.java:568)
at org.testng.internal.MethodInvocationHelper.invokeMethod(MethodInvocationHelper.java:133)
at org.testng.internal.TestInvoker.invokeMethod(TestInvoker.java:598)
at org.testng.internal.TestInvoker.invokeTestMethod(TestInvoker.java:173)
at org.testng.internal.MethodRunner.runInSequence(MethodRunner.java:46)
at org.testng.internal.TestInvoker$MethodInvocationAgent.invoke(TestInvoker.java:824)
at org.testng.internal.TestInvoker.invokeTestMethods(TestInvoker.java:146)
at org.testng.internal.TestMethodWorker.invokeTestMethods(TestMethodWorker.java:146)
at org.testng.internal.TestMethodWorker.run(TestMethodWorker.java:128)
at java.base/java.util.ArrayList.forEach(ArrayList.java:1511)
at org.testng.TestRunner.privateRun(TestRunner.java:794)
at org.testng.TestRunner.run(TestRunner.java:596)
at org.testng.SuiteRunner.runTest(SuiteRunner.java:377)
at org.testng.SuiteRunner.runSequentially(SuiteRunner.java:371)
at org.testng.SuiteRunner.privateRun(SuiteRunner.java:332)
at org.testng.SuiteRunner.run(SuiteRunner.java:276)
at org.testng.SuiteRunnerWorker.runSuite(SuiteRunnerWorker.java:53)
at org.testng.SuiteRunnerWorker.run(SuiteRunnerWorker.java:96)
at org.testng.TestNG.runSuitesSequentially(TestNG.java:1212)
at org.testng.TestNG.runSuitesLocally(TestNG.java:1134)
at org.testng.TestNG.runSuites(TestNG.java:1063)
at org.testng.TestNG.run(TestNG.java:1031)
at org.testng.remote.AbstractRemoteTestNG.run(AbstractRemoteTestNG.java:115)
at org.testng.remote.RemoteTestNG.initAndRun(RemoteTestNG.java:251)
at org.testng.remote.RemoteTestNG.main(RemoteTestNG.java:77)
]]>
            </full-stacktrace>
          </exception> <!-- java.io.IOException -->
          <reporter-output>
          </reporter-output>
        </test-method> <!-- addToCard -->
        <test-method is-config="true" signature="browserquit()[pri:0, instance:com.mavenproject.Amazon1.AmazonTestNG@3f6b0be5]" started-at="2023-01-24T12:33:26 IST" name="browserquit" finished-at="2023-01-24T12:33:27 IST" duration-ms="1015" status="PASS">
          <reporter-output>
          </reporter-output>
        </test-method> <!-- browserquit -->
      </class> <!-- com.mavenproject.Amazon1.AmazonTestNG -->
    </test> <!-- Default test -->
  </suite> <!-- Default suite -->
</testng-results>
